2025-09-10 18:12:15 INFO  Utils:112 - [Utils] MethodGroupsHelper.collectMethodsByGroup() took 0 ms.
2025-09-10 18:12:15 INFO  Utils:112 - [Utils] MethodGroupsHelper.sortMethods() took 0 ms.
2025-09-10 18:12:15 INFO  Utils:112 - [Utils] MethodGroupsHelper.collectMethodsByGroup() took 0 ms.
2025-09-10 18:12:15 INFO  Utils:112 - [Utils] MethodGroupsHelper.sortMethods() took 0 ms.
2025-09-10 18:12:15 INFO  Utils:112 - [Utils] MethodGroupsHelper.collectMethodsByGroup() took 0 ms.
2025-09-10 18:12:15 INFO  Utils:112 - [Utils] MethodGroupsHelper.sortMethods() took 0 ms.
2025-09-10 18:12:15 INFO  Utils:112 - [Utils] MethodGroupsHelper.collectMethodsByGroup() took 0 ms.
2025-09-10 18:12:15 INFO  Utils:112 - [Utils] MethodGroupsHelper.sortMethods() took 0 ms.
2025-09-10 18:12:15 INFO  Utils:112 - [Utils] MethodGroupsHelper.collectMethodsByGroup() took 3 ms.
2025-09-10 18:12:15 INFO  Utils:112 - [Utils] MethodGroupsHelper.sortMethods() took 6 ms.
2025-09-10 18:12:15 INFO  Utils:112 - [Utils] MethodGroupsHelper.collectMethodsByGroup() took 0 ms.
2025-09-10 18:12:15 INFO  Utils:112 - [Utils] MethodGroupsHelper.sortMethods() took 0 ms.
2025-09-10 18:12:15 INFO  Utils:112 - [Utils] MethodGroupsHelper.collectMethodsByGroup() took 0 ms.
2025-09-10 18:12:15 INFO  Utils:112 - [Utils] MethodGroupsHelper.sortMethods() took 0 ms.
2025-09-10 18:12:15 INFO  Utils:112 - [Utils] MethodGroupsHelper.collectMethodsByGroup() took 0 ms.
2025-09-10 18:12:15 INFO  Utils:112 - [Utils] MethodGroupsHelper.sortMethods() took 0 ms.
2025-09-10 18:12:15 INFO  Utils:112 - [Utils] MethodGroupsHelper.collectMethodsByGroup() took 0 ms.
2025-09-10 18:12:15 INFO  Utils:112 - [Utils] MethodGroupsHelper.sortMethods() took 0 ms.
2025-09-10 18:12:15 INFO  Utils:112 - [Utils] MethodGroupsHelper.collectMethodsByGroup() took 0 ms.
2025-09-10 18:12:15 INFO  Utils:112 - [Utils] MethodGroupsHelper.sortMethods() took 0 ms.
2025-09-10 18:12:15 INFO  Utils:112 - [Utils] MethodGroupsHelper.collectMethodsByGroup() took 0 ms.
2025-09-10 18:12:15 INFO  Utils:112 - [Utils] MethodGroupsHelper.sortMethods() took 0 ms.
2025-09-10 18:12:15 INFO  Utils:112 - [Utils] MethodGroupsHelper.collectMethodsByGroup() took 0 ms.
2025-09-10 18:12:15 INFO  Utils:112 - [Utils] MethodGroupsHelper.sortMethods() took 0 ms.
2025-09-10 18:12:15 INFO  Utils:112 - [Utils] MethodGroupsHelper.collectMethodsByGroup() took 0 ms.
2025-09-10 18:12:15 INFO  Utils:112 - [Utils] MethodGroupsHelper.sortMethods() took 0 ms.
2025-09-10 18:12:15 INFO  Utils:112 - [Utils] MethodGroupsHelper.collectMethodsByGroup() took 0 ms.
2025-09-10 18:12:15 INFO  Utils:112 - [Utils] MethodGroupsHelper.sortMethods() took 0 ms.
2025-09-10 18:12:15 INFO  Utils:112 - [Utils] MethodGroupsHelper.collectMethodsByGroup() took 0 ms.
2025-09-10 18:12:15 INFO  Utils:112 - [Utils] MethodGroupsHelper.sortMethods() took 0 ms.
2025-09-10 18:12:15 INFO  Utils:112 - [TestNG] Running:
  /private/var/folders/zf/j2bhb68s0cxcc94vhh8nn4hc0000gq/T/testng-eclipse--998940153/testng-customsuite.xml

2025-09-10 18:12:15 INFO  Utils:112 - [Utils] DynamicGraphHelper.createDynamicGraph() took 4 ms.
2025-09-10 18:12:23 INFO  TC001_AccountRegistrationTest:17 - *****Starting TC001_AccountRegistrationTest******
2025-09-10 18:12:24 INFO  TC001_AccountRegistrationTest:25 - **Tapping on registartion**
2025-09-10 18:12:24 INFO  TC001_AccountRegistrationTest:28 - **Starting the Registration**
2025-09-10 18:12:24 INFO  TC001_AccountRegistrationTest:38 - **validating message**
2025-09-10 18:12:26 INFO  Utils:112 - [TestNG] Time taken by org.testng.reporters.SuiteHTMLReporter@64030b91: 11 ms
2025-09-10 18:12:26 INFO  Utils:112 - [TestNG] Time taken by org.testng.reporters.jq.Main@3c7cfcbb: 36 ms
2025-09-10 18:12:26 INFO  Utils:112 - [TestNG] Time taken by org.testng.reporters.FailedReporter@77bd7fe7: 7 ms
2025-09-10 18:12:26 INFO  Utils:112 - [TestNG] Time taken by org.testng.reporters.XMLReporter@4632cfc: 6 ms
2025-09-10 18:12:26 INFO  Utils:112 - [TestNG] Time taken by org.testng.reporters.EmailableReporter2@2b8bd14b: 5 ms
2025-09-10 18:12:26 INFO  Utils:112 - [TestNG] Time taken by org.testng.reporters.JUnitReportReporter@3afae281: 4 ms
2025-09-10 18:12:26 INFO  Utils:112 - [TestNG] Time taken by org.testng.internal.ExitCodeListener@26ae880a: 0 ms
2025-09-10 18:17:06 INFO  Utils:112 - [Utils] MethodGroupsHelper.collectMethodsByGroup() took 0 ms.
2025-09-10 18:17:06 INFO  Utils:112 - [Utils] MethodGroupsHelper.sortMethods() took 0 ms.
2025-09-10 18:17:06 INFO  Utils:112 - [Utils] MethodGroupsHelper.collectMethodsByGroup() took 0 ms.
2025-09-10 18:17:06 INFO  Utils:112 - [Utils] MethodGroupsHelper.sortMethods() took 0 ms.
2025-09-10 18:17:06 INFO  Utils:112 - [Utils] MethodGroupsHelper.collectMethodsByGroup() took 0 ms.
2025-09-10 18:17:06 INFO  Utils:112 - [Utils] MethodGroupsHelper.sortMethods() took 0 ms.
2025-09-10 18:17:06 INFO  Utils:112 - [Utils] MethodGroupsHelper.collectMethodsByGroup() took 0 ms.
2025-09-10 18:17:06 INFO  Utils:112 - [Utils] MethodGroupsHelper.sortMethods() took 0 ms.
2025-09-10 18:17:06 INFO  Utils:112 - [Utils] MethodGroupsHelper.collectMethodsByGroup() took 2 ms.
2025-09-10 18:17:06 INFO  Utils:112 - [Utils] MethodGroupsHelper.sortMethods() took 6 ms.
2025-09-10 18:17:06 INFO  Utils:112 - [Utils] MethodGroupsHelper.collectMethodsByGroup() took 0 ms.
2025-09-10 18:17:06 INFO  Utils:112 - [Utils] MethodGroupsHelper.sortMethods() took 0 ms.
2025-09-10 18:17:06 INFO  Utils:112 - [Utils] MethodGroupsHelper.collectMethodsByGroup() took 0 ms.
2025-09-10 18:17:06 INFO  Utils:112 - [Utils] MethodGroupsHelper.sortMethods() took 0 ms.
2025-09-10 18:17:06 INFO  Utils:112 - [Utils] MethodGroupsHelper.collectMethodsByGroup() took 0 ms.
2025-09-10 18:17:06 INFO  Utils:112 - [Utils] MethodGroupsHelper.sortMethods() took 0 ms.
2025-09-10 18:17:06 INFO  Utils:112 - [Utils] MethodGroupsHelper.collectMethodsByGroup() took 0 ms.
2025-09-10 18:17:06 INFO  Utils:112 - [Utils] MethodGroupsHelper.sortMethods() took 0 ms.
2025-09-10 18:17:06 INFO  Utils:112 - [Utils] MethodGroupsHelper.collectMethodsByGroup() took 0 ms.
2025-09-10 18:17:06 INFO  Utils:112 - [Utils] MethodGroupsHelper.sortMethods() took 0 ms.
2025-09-10 18:17:06 INFO  Utils:112 - [Utils] MethodGroupsHelper.collectMethodsByGroup() took 0 ms.
2025-09-10 18:17:06 INFO  Utils:112 - [Utils] MethodGroupsHelper.sortMethods() took 0 ms.
2025-09-10 18:17:06 INFO  Utils:112 - [Utils] MethodGroupsHelper.collectMethodsByGroup() took 0 ms.
2025-09-10 18:17:06 INFO  Utils:112 - [Utils] MethodGroupsHelper.sortMethods() took 0 ms.
2025-09-10 18:17:06 INFO  Utils:112 - [Utils] MethodGroupsHelper.collectMethodsByGroup() took 0 ms.
2025-09-10 18:17:06 INFO  Utils:112 - [Utils] MethodGroupsHelper.sortMethods() took 0 ms.
2025-09-10 18:17:06 INFO  Utils:112 - [Utils] MethodGroupsHelper.collectMethodsByGroup() took 0 ms.
2025-09-10 18:17:06 INFO  Utils:112 - [Utils] MethodGroupsHelper.sortMethods() took 0 ms.
2025-09-10 18:17:06 INFO  Utils:112 - [Utils] MethodGroupsHelper.collectMethodsByGroup() took 0 ms.
2025-09-10 18:17:06 INFO  Utils:112 - [Utils] MethodGroupsHelper.sortMethods() took 0 ms.
2025-09-10 18:17:06 INFO  Utils:112 - [TestNG] Running:
  /private/var/folders/zf/j2bhb68s0cxcc94vhh8nn4hc0000gq/T/testng-eclipse-715715485/testng-customsuite.xml

2025-09-10 18:17:06 INFO  Utils:112 - [Utils] DynamicGraphHelper.createDynamicGraph() took 3 ms.
2025-09-10 18:17:13 INFO  TC001_AccountRegistrationTest:17 - *****Starting TC001_AccountRegistrationTest******
2025-09-10 18:17:14 INFO  TC001_AccountRegistrationTest:25 - **Tapping on registartion**
2025-09-10 18:17:14 INFO  TC001_AccountRegistrationTest:28 - **Starting the Registration**
2025-09-10 18:17:16 INFO  TC001_AccountRegistrationTest:38 - **validating message**
2025-09-10 18:17:16 INFO  Utils:112 - [TestNG] Time taken by org.testng.reporters.SuiteHTMLReporter@6c37bd27: 16 ms
2025-09-10 18:17:16 INFO  Utils:112 - [TestNG] Time taken by org.testng.reporters.jq.Main@2c16fadb: 30 ms
2025-09-10 18:17:16 INFO  Utils:112 - [TestNG] Time taken by org.testng.reporters.FailedReporter@248deced: 0 ms
2025-09-10 18:17:16 INFO  Utils:112 - [TestNG] Time taken by org.testng.reporters.XMLReporter@49dbaaf3: 5 ms
2025-09-10 18:17:16 INFO  Utils:112 - [TestNG] Time taken by org.testng.reporters.EmailableReporter2@65bb9029: 6 ms
2025-09-10 18:17:16 INFO  Utils:112 - [TestNG] Time taken by org.testng.reporters.JUnitReportReporter@6daf2337: 4 ms
2025-09-10 18:17:16 INFO  Utils:112 - [TestNG] Time taken by org.testng.internal.ExitCodeListener@24fabd0f: 0 ms
2025-09-10 18:23:15 INFO  Utils:112 - [Utils] MethodGroupsHelper.collectMethodsByGroup() took 0 ms.
2025-09-10 18:23:15 INFO  Utils:112 - [Utils] MethodGroupsHelper.sortMethods() took 0 ms.
2025-09-10 18:23:15 INFO  Utils:112 - [Utils] MethodGroupsHelper.collectMethodsByGroup() took 0 ms.
2025-09-10 18:23:15 INFO  Utils:112 - [Utils] MethodGroupsHelper.sortMethods() took 0 ms.
2025-09-10 18:23:15 INFO  Utils:112 - [Utils] MethodGroupsHelper.collectMethodsByGroup() took 0 ms.
2025-09-10 18:23:15 INFO  Utils:112 - [Utils] MethodGroupsHelper.sortMethods() took 0 ms.
2025-09-10 18:23:15 INFO  Utils:112 - [Utils] MethodGroupsHelper.collectMethodsByGroup() took 0 ms.
2025-09-10 18:23:15 INFO  Utils:112 - [Utils] MethodGroupsHelper.sortMethods() took 0 ms.
2025-09-10 18:23:15 INFO  Utils:112 - [Utils] MethodGroupsHelper.collectMethodsByGroup() took 2 ms.
2025-09-10 18:23:15 INFO  Utils:112 - [Utils] MethodGroupsHelper.sortMethods() took 8 ms.
2025-09-10 18:23:15 INFO  Utils:112 - [Utils] MethodGroupsHelper.collectMethodsByGroup() took 0 ms.
2025-09-10 18:23:15 INFO  Utils:112 - [Utils] MethodGroupsHelper.sortMethods() took 0 ms.
2025-09-10 18:23:15 INFO  Utils:112 - [Utils] MethodGroupsHelper.collectMethodsByGroup() took 0 ms.
2025-09-10 18:23:15 INFO  Utils:112 - [Utils] MethodGroupsHelper.sortMethods() took 0 ms.
2025-09-10 18:23:15 INFO  Utils:112 - [Utils] MethodGroupsHelper.collectMethodsByGroup() took 0 ms.
2025-09-10 18:23:15 INFO  Utils:112 - [Utils] MethodGroupsHelper.sortMethods() took 0 ms.
2025-09-10 18:23:15 INFO  Utils:112 - [Utils] MethodGroupsHelper.collectMethodsByGroup() took 0 ms.
2025-09-10 18:23:15 INFO  Utils:112 - [Utils] MethodGroupsHelper.sortMethods() took 0 ms.
2025-09-10 18:23:15 INFO  Utils:112 - [Utils] MethodGroupsHelper.collectMethodsByGroup() took 0 ms.
2025-09-10 18:23:15 INFO  Utils:112 - [Utils] MethodGroupsHelper.sortMethods() took 0 ms.
2025-09-10 18:23:15 INFO  Utils:112 - [Utils] MethodGroupsHelper.collectMethodsByGroup() took 0 ms.
2025-09-10 18:23:15 INFO  Utils:112 - [Utils] MethodGroupsHelper.sortMethods() took 0 ms.
2025-09-10 18:23:15 INFO  Utils:112 - [Utils] MethodGroupsHelper.collectMethodsByGroup() took 0 ms.
2025-09-10 18:23:15 INFO  Utils:112 - [Utils] MethodGroupsHelper.sortMethods() took 0 ms.
2025-09-10 18:23:15 INFO  Utils:112 - [Utils] MethodGroupsHelper.collectMethodsByGroup() took 0 ms.
2025-09-10 18:23:15 INFO  Utils:112 - [Utils] MethodGroupsHelper.sortMethods() took 0 ms.
2025-09-10 18:23:15 INFO  Utils:112 - [Utils] MethodGroupsHelper.collectMethodsByGroup() took 0 ms.
2025-09-10 18:23:15 INFO  Utils:112 - [Utils] MethodGroupsHelper.sortMethods() took 0 ms.
2025-09-10 18:23:15 INFO  Utils:112 - [Utils] MethodGroupsHelper.collectMethodsByGroup() took 0 ms.
2025-09-10 18:23:15 INFO  Utils:112 - [Utils] MethodGroupsHelper.sortMethods() took 0 ms.
2025-09-10 18:23:15 INFO  Utils:112 - [TestNG] Running:
  /private/var/folders/zf/j2bhb68s0cxcc94vhh8nn4hc0000gq/T/testng-eclipse-919184711/testng-customsuite.xml

2025-09-10 18:23:15 INFO  Utils:112 - [Utils] DynamicGraphHelper.createDynamicGraph() took 3 ms.
2025-09-10 18:23:24 INFO  TC001_AccountRegistrationTest:17 - *****Starting TC001_AccountRegistrationTest******
2025-09-10 18:23:25 INFO  TC001_AccountRegistrationTest:25 - **Tapping on registartion**
2025-09-10 18:23:25 INFO  TC001_AccountRegistrationTest:28 - **Starting the Registration**
2025-09-10 18:23:27 INFO  TC001_AccountRegistrationTest:38 - **validating message**
2025-09-10 18:23:27 INFO  TC001_AccountRegistrationTest:41 - **TestFinished**
2025-09-10 18:23:27 INFO  Utils:112 - [TestNG] Time taken by org.testng.reporters.SuiteHTMLReporter@7a24eb3: 12 ms
2025-09-10 18:23:27 INFO  Utils:112 - [TestNG] Time taken by org.testng.reporters.jq.Main@43effd89: 32 ms
2025-09-10 18:23:27 INFO  Utils:112 - [TestNG] Time taken by org.testng.reporters.FailedReporter@2c16fadb: 0 ms
2025-09-10 18:23:27 INFO  Utils:112 - [TestNG] Time taken by org.testng.reporters.XMLReporter@64138b0c: 7 ms
2025-09-10 18:23:27 INFO  Utils:112 - [TestNG] Time taken by org.testng.reporters.EmailableReporter2@3c7cfcbb: 6 ms
2025-09-10 18:23:27 INFO  Utils:112 - [TestNG] Time taken by org.testng.reporters.JUnitReportReporter@2b8d084: 5 ms
2025-09-10 18:23:27 INFO  Utils:112 - [TestNG] Time taken by org.testng.internal.ExitCodeListener@6daf2337: 0 ms
2025-09-10 18:32:09 INFO  Utils:112 - [Utils] MethodGroupsHelper.collectMethodsByGroup() took 0 ms.
2025-09-10 18:32:09 INFO  Utils:112 - [Utils] MethodGroupsHelper.sortMethods() took 0 ms.
2025-09-10 18:32:09 INFO  Utils:112 - [Utils] MethodGroupsHelper.collectMethodsByGroup() took 0 ms.
2025-09-10 18:32:09 INFO  Utils:112 - [Utils] MethodGroupsHelper.sortMethods() took 0 ms.
2025-09-10 18:32:09 INFO  Utils:112 - [Utils] MethodGroupsHelper.collectMethodsByGroup() took 0 ms.
2025-09-10 18:32:09 INFO  Utils:112 - [Utils] MethodGroupsHelper.sortMethods() took 0 ms.
2025-09-10 18:32:09 INFO  Utils:112 - [Utils] MethodGroupsHelper.collectMethodsByGroup() took 0 ms.
2025-09-10 18:32:09 INFO  Utils:112 - [Utils] MethodGroupsHelper.sortMethods() took 0 ms.
2025-09-10 18:32:09 INFO  Utils:112 - [Utils] MethodGroupsHelper.collectMethodsByGroup() took 2 ms.
2025-09-10 18:32:09 INFO  Utils:112 - [Utils] MethodGroupsHelper.sortMethods() took 6 ms.
2025-09-10 18:32:09 INFO  Utils:112 - [Utils] MethodGroupsHelper.collectMethodsByGroup() took 0 ms.
2025-09-10 18:32:09 INFO  Utils:112 - [Utils] MethodGroupsHelper.sortMethods() took 0 ms.
2025-09-10 18:32:09 INFO  Utils:112 - [Utils] MethodGroupsHelper.collectMethodsByGroup() took 0 ms.
2025-09-10 18:32:09 INFO  Utils:112 - [Utils] MethodGroupsHelper.sortMethods() took 0 ms.
2025-09-10 18:32:09 INFO  Utils:112 - [Utils] MethodGroupsHelper.collectMethodsByGroup() took 0 ms.
2025-09-10 18:32:09 INFO  Utils:112 - [Utils] MethodGroupsHelper.sortMethods() took 0 ms.
2025-09-10 18:32:09 INFO  Utils:112 - [Utils] MethodGroupsHelper.collectMethodsByGroup() took 0 ms.
2025-09-10 18:32:09 INFO  Utils:112 - [Utils] MethodGroupsHelper.sortMethods() took 0 ms.
2025-09-10 18:32:09 INFO  Utils:112 - [Utils] MethodGroupsHelper.collectMethodsByGroup() took 0 ms.
2025-09-10 18:32:09 INFO  Utils:112 - [Utils] MethodGroupsHelper.sortMethods() took 0 ms.
2025-09-10 18:32:09 INFO  Utils:112 - [Utils] MethodGroupsHelper.collectMethodsByGroup() took 0 ms.
2025-09-10 18:32:09 INFO  Utils:112 - [Utils] MethodGroupsHelper.sortMethods() took 0 ms.
2025-09-10 18:32:09 INFO  Utils:112 - [Utils] MethodGroupsHelper.collectMethodsByGroup() took 0 ms.
2025-09-10 18:32:09 INFO  Utils:112 - [Utils] MethodGroupsHelper.sortMethods() took 0 ms.
2025-09-10 18:32:09 INFO  Utils:112 - [Utils] MethodGroupsHelper.collectMethodsByGroup() took 0 ms.
2025-09-10 18:32:09 INFO  Utils:112 - [Utils] MethodGroupsHelper.sortMethods() took 0 ms.
2025-09-10 18:32:09 INFO  Utils:112 - [Utils] MethodGroupsHelper.collectMethodsByGroup() took 0 ms.
2025-09-10 18:32:09 INFO  Utils:112 - [Utils] MethodGroupsHelper.sortMethods() took 0 ms.
2025-09-10 18:32:09 INFO  Utils:112 - [Utils] MethodGroupsHelper.collectMethodsByGroup() took 0 ms.
2025-09-10 18:32:09 INFO  Utils:112 - [Utils] MethodGroupsHelper.sortMethods() took 0 ms.
2025-09-10 18:32:09 INFO  Utils:112 - [TestNG] Running:
  /private/var/folders/zf/j2bhb68s0cxcc94vhh8nn4hc0000gq/T/testng-eclipse-80362066/testng-customsuite.xml

2025-09-10 18:32:09 INFO  Utils:112 - [Utils] DynamicGraphHelper.createDynamicGraph() took 3 ms.
2025-09-10 18:32:16 INFO  TC001_AccountRegistrationTest:17 - *****Starting TC001_AccountRegistrationTest******
2025-09-10 18:32:17 INFO  TC001_AccountRegistrationTest:25 - **Tapping on registartion**
2025-09-10 18:32:17 INFO  TC001_AccountRegistrationTest:28 - **Starting the Registration**
2025-09-10 18:32:19 INFO  TC001_AccountRegistrationTest:38 - **validating message**
2025-09-10 18:32:19 INFO  TC001_AccountRegistrationTest:41 - **TestFinished**
2025-09-10 18:32:19 INFO  Utils:112 - [TestNG] Time taken by org.testng.reporters.SuiteHTMLReporter@6c37bd27: 13 ms
2025-09-10 18:32:19 INFO  Utils:112 - [TestNG] Time taken by org.testng.reporters.jq.Main@2c16fadb: 32 ms
2025-09-10 18:32:19 INFO  Utils:112 - [TestNG] Time taken by org.testng.reporters.FailedReporter@248deced: 0 ms
2025-09-10 18:32:19 INFO  Utils:112 - [TestNG] Time taken by org.testng.reporters.XMLReporter@49dbaaf3: 5 ms
2025-09-10 18:32:19 INFO  Utils:112 - [TestNG] Time taken by org.testng.reporters.EmailableReporter2@65bb9029: 3 ms
2025-09-10 18:32:19 INFO  Utils:112 - [TestNG] Time taken by org.testng.reporters.JUnitReportReporter@6daf2337: 5 ms
2025-09-10 18:32:19 INFO  Utils:112 - [TestNG] Time taken by org.testng.internal.ExitCodeListener@24fabd0f: 0 ms
2025-09-10 18:49:00 INFO  Utils:112 - [TestNG] Running:
  /Users/ajay.kumar/eclipse-workspace/OpencartV/OpenCartV1/master.xml

2025-09-10 18:49:00 INFO  TC001_AccountRegistrationTest:19 - *****Starting TC001_AccountRegistrationTest******
2025-09-10 18:49:00 ERROR TC001_AccountRegistrationTest:47 - Test Failed......
2025-09-10 18:49:32 INFO  Utils:112 - [TestNG] Running:
  /Users/ajay.kumar/eclipse-workspace/OpencartV/OpenCartV1/master.xml

2025-09-10 18:49:32 INFO  TC001_AccountRegistrationTest:19 - *****Starting TC001_AccountRegistrationTest******
2025-09-10 18:49:32 ERROR TC001_AccountRegistrationTest:47 - Test Failed......
2025-09-10 18:50:17 INFO  Utils:112 - [TestNG] Running:
  /Users/ajay.kumar/eclipse-workspace/OpencartV/OpenCartV1/master.xml

2025-09-10 18:53:29 INFO  Utils:112 - [TestNG] Running:
  /Users/ajay.kumar/eclipse-workspace/OpencartV/OpenCartV1/master.xml

2025-09-10 18:55:39 INFO  Utils:112 - [TestNG] Running:
  /Users/ajay.kumar/eclipse-workspace/OpencartV/OpenCartV1/master.xml

2025-09-10 18:55:47 INFO  TC001_AccountRegistrationTest:19 - *****Starting TC001_AccountRegistrationTest******
2025-09-10 18:55:49 INFO  TC001_AccountRegistrationTest:27 - **Tapping on registartion**
2025-09-10 18:55:49 INFO  TC001_AccountRegistrationTest:30 - **Starting the Registration**
2025-09-10 18:55:50 INFO  TC001_AccountRegistrationTest:40 - **validating message**
2025-09-10 18:55:50 INFO  TC001_AccountRegistrationTest:43 - **TestFinished**
2025-09-10 18:57:26 INFO  Utils:112 - [TestNG] Running:
  /Users/ajay.kumar/eclipse-workspace/OpencartV/OpenCartV1/master.xml

2025-09-10 18:57:33 INFO  TC001_AccountRegistrationTest:19 - *****Starting TC001_AccountRegistrationTest******
2025-09-10 18:57:35 INFO  TC001_AccountRegistrationTest:27 - **Tapping on registartion**
2025-09-10 18:57:35 INFO  TC001_AccountRegistrationTest:30 - **Starting the Registration**
2025-09-10 18:57:35 INFO  TC001_AccountRegistrationTest:40 - **validating message**
2025-09-10 18:57:36 INFO  TC001_AccountRegistrationTest:43 - **TestFinished**
2025-09-10 19:02:23 INFO  Utils:112 - [TestNG] Running:
  /Users/ajay.kumar/eclipse-workspace/OpencartV/OpenCartV1/master.xml

2025-09-10 19:02:32 INFO  TC001_AccountRegistrationTest:19 - *****Starting TC001_AccountRegistrationTest******
2025-09-10 19:02:34 INFO  TC001_AccountRegistrationTest:27 - **Tapping on registartion**
2025-09-10 19:02:34 INFO  TC001_AccountRegistrationTest:30 - **Starting the Registration**
2025-09-10 19:02:35 INFO  TC001_AccountRegistrationTest:40 - **validating message**
2025-09-10 19:02:36 INFO  TC001_AccountRegistrationTest:43 - **TestFinished**
2025-09-10 19:02:44 INFO  TC001_AccountRegistrationTest:19 - *****Starting TC001_AccountRegistrationTest******
2025-09-10 19:02:45 INFO  TC001_AccountRegistrationTest:27 - **Tapping on registartion**
2025-09-10 19:02:45 INFO  TC001_AccountRegistrationTest:30 - **Starting the Registration**
2025-09-10 19:02:46 INFO  TC001_AccountRegistrationTest:40 - **validating message**
2025-09-10 19:02:47 INFO  TC001_AccountRegistrationTest:43 - **TestFinished**
2025-09-10 19:03:15 INFO  Utils:112 - [TestNG] Running:
  /Users/ajay.kumar/eclipse-workspace/OpencartV/OpenCartV1/master.xml

2025-09-10 19:03:23 INFO  TC001_AccountRegistrationTest:19 - *****Starting TC001_AccountRegistrationTest******
2025-09-10 19:03:24 INFO  TC001_AccountRegistrationTest:27 - **Tapping on registartion**
2025-09-10 19:03:24 INFO  TC001_AccountRegistrationTest:30 - **Starting the Registration**
2025-09-10 19:03:25 INFO  TC001_AccountRegistrationTest:40 - **validating message**
2025-09-10 19:03:26 INFO  TC001_AccountRegistrationTest:43 - **TestFinished**
2025-09-10 19:04:57 INFO  Utils:112 - [TestNG] Running:
  /Users/ajay.kumar/eclipse-workspace/OpencartV/OpenCartV1/master.xml

2025-09-10 19:05:05 INFO  TC001_AccountRegistrationTest:19 - *****Starting TC001_AccountRegistrationTest******
2025-09-10 19:05:07 INFO  TC001_AccountRegistrationTest:27 - **Tapping on registartion**
2025-09-10 19:05:07 INFO  TC001_AccountRegistrationTest:30 - **Starting the Registration**
2025-09-10 19:05:07 INFO  TC001_AccountRegistrationTest:40 - **validating message**
2025-09-10 19:05:08 INFO  TC001_AccountRegistrationTest:43 - **TestFinished**
2025-09-10 19:14:27 INFO  Utils:112 - [TestNG] Running:
  /Users/ajay.kumar/eclipse-workspace/OpencartV/OpenCartV1/master.xml

2025-09-10 19:14:39 INFO  TC001_AccountRegistrationTest:19 - *****Starting TC001_AccountRegistrationTest******
2025-09-10 19:14:41 INFO  TC001_AccountRegistrationTest:27 - **Tapping on registartion**
2025-09-10 19:14:41 INFO  TC001_AccountRegistrationTest:30 - **Starting the Registration**
2025-09-10 19:14:41 INFO  TC001_AccountRegistrationTest:40 - **validating message**
2025-09-10 19:14:42 INFO  TC001_AccountRegistrationTest:43 - **TestFinished**
2025-09-10 19:16:45 INFO  Utils:112 - [TestNG] Running:
  /Users/ajay.kumar/eclipse-workspace/OpencartV/OpenCartV1/Crossbrowsertesting.xml

2025-09-10 19:16:55 INFO  TC001_AccountRegistrationTest:19 - *****Starting TC001_AccountRegistrationTest******
2025-09-10 19:16:57 INFO  TC001_AccountRegistrationTest:27 - **Tapping on registartion**
2025-09-10 19:16:57 INFO  TC001_AccountRegistrationTest:30 - **Starting the Registration**
2025-09-10 19:16:58 INFO  TC001_AccountRegistrationTest:40 - **validating message**
2025-09-10 19:16:59 INFO  TC001_AccountRegistrationTest:43 - **TestFinished**
2025-09-10 19:18:38 INFO  Utils:112 - [TestNG] Running:
  /Users/ajay.kumar/eclipse-workspace/OpencartV/OpenCartV1/Crossbrowsertesting.xml

2025-09-10 19:18:49 INFO  TC001_AccountRegistrationTest:19 - *****Starting TC001_AccountRegistrationTest******
2025-09-10 19:18:50 INFO  TC001_AccountRegistrationTest:27 - **Tapping on registartion**
2025-09-10 19:18:50 INFO  TC001_AccountRegistrationTest:30 - **Starting the Registration**
2025-09-10 19:18:52 INFO  TC001_AccountRegistrationTest:40 - **validating message**
2025-09-10 19:18:53 INFO  TC001_AccountRegistrationTest:43 - **TestFinished**
2025-09-10 19:22:48 INFO  Utils:112 - [TestNG] Running:
  /Users/ajay.kumar/eclipse-workspace/OpencartV/OpenCartV1/Crossbrowsertesting.xml

2025-09-10 19:22:56 INFO  TC001_AccountRegistrationTest:19 - *****Starting TC001_AccountRegistrationTest******
2025-09-10 19:22:57 INFO  TC001_AccountRegistrationTest:27 - **Tapping on registartion**
2025-09-10 19:22:57 INFO  TC001_AccountRegistrationTest:30 - **Starting the Registration**
2025-09-10 19:22:57 INFO  TC001_AccountRegistrationTest:40 - **validating message**
2025-09-10 19:22:59 INFO  TC001_AccountRegistrationTest:43 - **TestFinished**
2025-09-10 19:24:31 INFO  Utils:112 - [TestNG] Running:
  /Users/ajay.kumar/eclipse-workspace/OpencartV/OpenCartV1/Crossbrowsertesting.xml

2025-09-10 19:24:38 INFO  TC001_AccountRegistrationTest:19 - *****Starting TC001_AccountRegistrationTest******
2025-09-10 19:24:40 INFO  TC001_AccountRegistrationTest:27 - **Tapping on registartion**
2025-09-10 19:24:40 INFO  TC001_AccountRegistrationTest:30 - **Starting the Registration**
2025-09-10 19:24:40 INFO  TC001_AccountRegistrationTest:40 - **validating message**
2025-09-10 19:24:41 INFO  TC001_AccountRegistrationTest:43 - **TestFinished**
2025-09-10 19:29:54 INFO  Utils:112 - [TestNG] Running:
  /Users/ajay.kumar/eclipse-workspace/OpencartV/OpenCartV1/Crossbrowsertesting.xml

2025-09-10 19:30:02 INFO  TC001_AccountRegistrationTest:19 - *****Starting TC001_AccountRegistrationTest******
2025-09-10 19:30:03 INFO  TC001_AccountRegistrationTest:27 - **Tapping on registartion**
2025-09-10 19:30:04 INFO  TC001_AccountRegistrationTest:30 - **Starting the Registration**
2025-09-10 19:30:04 INFO  TC001_AccountRegistrationTest:40 - **validating message**
2025-09-10 19:30:06 INFO  TC001_AccountRegistrationTest:43 - **TestFinished**
2025-09-10 19:31:51 INFO  Utils:112 - [TestNG] Running:
  /Users/ajay.kumar/eclipse-workspace/OpencartV/OpenCartV1/Crossbrowsertesting.xml

2025-09-10 19:31:56 INFO  TC001_AccountRegistrationTest:19 - *****Starting TC001_AccountRegistrationTest******
2025-09-10 19:31:56 INFO  TC001_AccountRegistrationTest:27 - **Tapping on registartion**
2025-09-10 19:31:56 INFO  TC001_AccountRegistrationTest:30 - **Starting the Registration**
2025-09-10 19:31:56 ERROR TC001_AccountRegistrationTest:47 - Test Failed......
2025-09-10 19:31:57 INFO  TC001_AccountRegistrationTest:19 - *****Starting TC001_AccountRegistrationTest******
2025-09-10 19:31:58 INFO  TC001_AccountRegistrationTest:27 - **Tapping on registartion**
2025-09-10 19:31:58 INFO  TC001_AccountRegistrationTest:30 - **Starting the Registration**
2025-09-10 19:31:59 INFO  TC001_AccountRegistrationTest:40 - **validating message**
2025-09-10 19:31:59 INFO  TC001_AccountRegistrationTest:43 - **TestFinished**
2025-09-10 19:32:19 INFO  Utils:112 - [TestNG] Running:
  /Users/ajay.kumar/eclipse-workspace/OpencartV/OpenCartV1/Crossbrowsertesting.xml

2025-09-10 19:32:23 INFO  TC001_AccountRegistrationTest:19 - *****Starting TC001_AccountRegistrationTest******
2025-09-10 19:32:23 ERROR TC001_AccountRegistrationTest:47 - Test Failed......
2025-09-10 19:32:25 INFO  TC001_AccountRegistrationTest:19 - *****Starting TC001_AccountRegistrationTest******
2025-09-10 19:32:26 INFO  TC001_AccountRegistrationTest:27 - **Tapping on registartion**
2025-09-10 19:32:26 INFO  TC001_AccountRegistrationTest:30 - **Starting the Registration**
2025-09-10 19:32:27 INFO  TC001_AccountRegistrationTest:40 - **validating message**
2025-09-10 19:32:27 INFO  TC001_AccountRegistrationTest:43 - **TestFinished**
2025-09-10 19:33:21 INFO  Utils:112 - [XmlSuite] [WARN] 'parallel' value 'false' is no longer valid, defaulting to 'none'.
2025-09-10 19:33:21 INFO  Utils:112 - [TestNG] Running:
  /Users/ajay.kumar/eclipse-workspace/OpencartV/OpenCartV1/Crossbrowsertesting.xml

2025-09-10 19:33:27 INFO  TC001_AccountRegistrationTest:19 - *****Starting TC001_AccountRegistrationTest******
2025-09-10 19:33:28 INFO  TC001_AccountRegistrationTest:27 - **Tapping on registartion**
2025-09-10 19:33:28 INFO  TC001_AccountRegistrationTest:30 - **Starting the Registration**
2025-09-10 19:33:30 INFO  TC001_AccountRegistrationTest:40 - **validating message**
2025-09-10 19:33:30 INFO  TC001_AccountRegistrationTest:43 - **TestFinished**
2025-09-10 19:33:34 INFO  TC001_AccountRegistrationTest:19 - *****Starting TC001_AccountRegistrationTest******
2025-09-10 19:33:34 INFO  TC001_AccountRegistrationTest:27 - **Tapping on registartion**
2025-09-10 19:33:34 INFO  TC001_AccountRegistrationTest:30 - **Starting the Registration**
2025-09-10 19:33:34 ERROR TC001_AccountRegistrationTest:47 - Test Failed......
2025-09-10 23:57:57 INFO  Utils:112 - [TestNG] Running:
  /Users/ajay.kumar/eclipse-workspace/OpencartV/OpenCartV1/master.xml

2025-09-10 23:58:02 INFO  TC001_AccountRegistrationTest:19 - *****Starting TC001_AccountRegistrationTest******
2025-09-10 23:58:03 INFO  TC001_AccountRegistrationTest:27 - **Tapping on registartion**
2025-09-10 23:58:03 INFO  TC001_AccountRegistrationTest:30 - **Starting the Registration**
2025-09-10 23:58:04 INFO  TC001_AccountRegistrationTest:40 - **validating message**
2025-09-10 23:58:04 INFO  TC001_AccountRegistrationTest:43 - **TestFinished**
